<?xml version="1.0" encoding="UTF-8"?>
<!-- Generated by org.testng.reporters.JUnitReportReporter -->
<testsuite name="com.crm.qa.testcases.LoginPageTest" tests="3" time="47.911" ignored="0" failures="0" timestamp="21 Jul 2020 11:19:43 GMT" skipped="0" hostname="LAPTOP-068F4HI7" errors="0">
  <testcase name="loginPageTestTitle" time="12.496" classname="com.crm.qa.testcases.LoginPageTest"/>
  <testcase name="crmLogoImageTest" time="11.909" classname="com.crm.qa.testcases.LoginPageTest"/>
  <testcase name="loginTest" time="23.506" classname="com.crm.qa.testcases.LoginPageTest"/>
</testsuite> <!-- com.crm.qa.testcases.LoginPageTest -->
